<?xml version="1.0" encoding="UTF-8"?>
<coverage generated="1785341853971" clover="3.2.0">
  <project timestamp="1785341853971" name="All files">
    <metrics statements="247" coveredstatements="229" conditionals="122" coveredconditionals="85" methods="28" coveredmethods="27" elements="397" coveredelements="341" complexity="0" loc="247" ncloc="247" packages="7" files="15" classes="15"/>
    <package name="src">
      <metrics statements="42" coveredstatements="41" conditionals="4" coveredconditionals="3" methods="2" coveredmethods="2"/>
      <file name="app.ts" path="C:\Users\acer\Desktop\Backend Arenaticket\src\app.ts">
        <metrics statements="42" coveredstatements="41" conditionals="4" coveredconditionals="3" methods="2" coveredmethods="2"/>
        <line num="1" count="1" type="stmt"/>
        <line num="2" count="1" type="stmt"/>
        <line num="3" count="1" type="stmt"/>
        <line num="4" count="1" type="stmt"/>
        <line num="5" count="1" type="stmt"/>
        <line num="6" count="1" type="stmt"/>
        <line num="8" count="1" type="stmt"/>
        <line num="9" count="1" type="stmt"/>
        <line num="10" count="1" type="stmt"/>
        <line num="11" count="1" type="stmt"/>
        <line num="12" count="1" type="stmt"/>
        <line num="13" count="1" type="stmt"/>
        <line num="14" count="1" type="stmt"/>
        <line num="15" count="1" type="stmt"/>
        <line num="16" count="1" type="stmt"/>
        <line num="19" count="1" type="stmt"/>
        <line num="20" count="1" type="stmt"/>
        <line num="21" count="1" type="stmt"/>
        <line num="23" count="1" type="stmt"/>
        <line num="27" count="1" type="stmt"/>
        <line num="30" count="1" type="cond" truecount="2" falsecount="0"/>
        <line num="31" count="1" type="stmt"/>
        <line num="32" count="1" type="stmt"/>
        <line num="33" count="1" type="stmt"/>
        <line num="34" count="1" type="stmt"/>
        <line num="35" count="1" type="stmt"/>
        <line num="36" count="1" type="stmt"/>
        <line num="39" count="1" type="cond" truecount="1" falsecount="1"/>
        <line num="40" count="0" type="stmt"/>
        <line num="44" count="1" type="stmt"/>
        <line num="45" count="1" type="stmt"/>
        <line num="49" count="1" type="stmt"/>
        <line num="50" count="1" type="stmt"/>
        <line num="51" count="1" type="stmt"/>
        <line num="52" count="1" type="stmt"/>
        <line num="53" count="1" type="stmt"/>
        <line num="54" count="1" type="stmt"/>
        <line num="55" count="1" type="stmt"/>
        <line num="56" count="1" type="stmt"/>
        <line num="57" count="1" type="stmt"/>
        <line num="60" count="1" type="stmt"/>
        <line num="62" count="1" type="stmt"/>
      </file>
    </package>
    <package name="src.config">
      <metrics statements="27" coveredstatements="26" conditionals="14" coveredconditionals="7" methods="2" coveredmethods="2"/>
      <file name="email.ts" path="C:\Users\acer\Desktop\Backend Arenaticket\src\config\email.ts">
        <metrics statements="5" coveredstatements="5" conditionals="0" coveredconditionals="0" methods="1" coveredmethods="1"/>
        <line num="1" count="2" type="stmt"/>
        <line num="2" count="2" type="stmt"/>
        <line num="4" count="2" type="stmt"/>
        <line num="12" count="2" type="stmt"/>
        <line num="13" count="1" type="stmt"/>
      </file>
      <file name="index.ts" path="C:\Users\acer\Desktop\Backend Arenaticket\src\config\index.ts">
        <metrics statements="16" coveredstatements="15" conditionals="14" coveredconditionals="7" methods="1" coveredmethods="1"/>
        <line num="1" count="4" type="stmt"/>
        <line num="3" count="4" type="stmt"/>
        <line num="5" count="4" type="stmt"/>
        <line num="6" count="20" type="cond" truecount="1" falsecount="1"/>
        <line num="7" count="20" type="cond" truecount="1" falsecount="1"/>
        <line num="8" count="0" type="stmt"/>
        <line num="10" count="20" type="stmt"/>
        <line num="13" count="4" type="cond" truecount="1" falsecount="1"/>
        <line num="14" count="4" type="cond" truecount="1" falsecount="1"/>
        <line num="15" count="4" type="stmt"/>
        <line num="20" count="4" type="stmt"/>
        <line num="21" count="4" type="cond" truecount="1" falsecount="1"/>
        <line num="22" count="4" type="stmt"/>
        <line num="23" count="4" type="stmt"/>
        <line num="24" count="4" type="stmt"/>
        <line num="25" count="4" type="cond" truecount="1" falsecount="1"/>
      </file>
      <file name="paths.ts" path="C:\Users\acer\Desktop\Backend Arenaticket\src\config\paths.ts">
        <metrics statements="6" coveredstatements="6" conditionals="0" coveredconditionals="0" methods="0" coveredmethods="0"/>
        <line num="1" count="3" type="stmt"/>
        <line num="4" count="3" type="stmt"/>
        <line num="5" count="3" type="stmt"/>
        <line num="6" count="3" type="stmt"/>
        <line num="7" count="3" type="stmt"/>
        <line num="8" count="3" type="stmt"/>
      </file>
    </package>
    <package name="src.features.auth.validation">
      <metrics statements="14" coveredstatements="14" conditionals="8" coveredconditionals="8" methods="2" coveredmethods="2"/>
      <file name="validation.ts" path="C:\Users\acer\Desktop\Backend Arenaticket\src\features\auth\validation\validation.ts">
        <metrics statements="14" coveredstatements="14" conditionals="8" coveredconditionals="8" methods="2" coveredmethods="2"/>
        <line num="1" count="2" type="stmt"/>
        <line num="3" count="2" type="stmt"/>
        <line num="10" count="2" type="stmt"/>
        <line num="24" count="3" type="cond" truecount="4" falsecount="0"/>
        <line num="25" count="1" type="stmt"/>
        <line num="31" count="3" type="cond" truecount="2" falsecount="0"/>
        <line num="32" count="1" type="stmt"/>
        <line num="40" count="2" type="stmt"/>
        <line num="47" count="2" type="stmt"/>
        <line num="55" count="2" type="cond" truecount="2" falsecount="0"/>
        <line num="56" count="1" type="stmt"/>
        <line num="64" count="2" type="stmt"/>
        <line num="71" count="2" type="stmt"/>
        <line num="78" count="2" type="stmt"/>
      </file>
    </package>
    <package name="src.features.user.validation">
      <metrics statements="7" coveredstatements="7" conditionals="5" coveredconditionals="5" methods="2" coveredmethods="2"/>
      <file name="validation.ts" path="C:\Users\acer\Desktop\Backend Arenaticket\src\features\user\validation\validation.ts">
        <metrics statements="7" coveredstatements="7" conditionals="5" coveredconditionals="5" methods="2" coveredmethods="2"/>
        <line num="1" count="1" type="stmt"/>
        <line num="2" count="1" type="stmt"/>
        <line num="4" count="1" type="stmt"/>
        <line num="12" count="4" type="stmt"/>
        <line num="15" count="4" type="cond" truecount="5" falsecount="0"/>
        <line num="16" count="1" type="stmt"/>
        <line num="20" count="1" type="stmt"/>
      </file>
    </package>
    <package name="src.middlewares">
      <metrics statements="109" coveredstatements="95" conditionals="70" coveredconditionals="47" methods="12" coveredmethods="11"/>
      <file name="auth.ts" path="C:\Users\acer\Desktop\Backend Arenaticket\src\middlewares\auth.ts">
        <metrics statements="18" coveredstatements="18" conditionals="8" coveredconditionals="7" methods="1" coveredmethods="1"/>
        <line num="2" count="1" type="stmt"/>
        <line num="3" count="1" type="stmt"/>
        <line num="4" count="1" type="stmt"/>
        <line num="10" count="1" type="stmt"/>
        <line num="11" count="5" type="stmt"/>
        <line num="12" count="5" type="stmt"/>
        <line num="13" count="5" type="cond" truecount="2" falsecount="0"/>
        <line num="14" count="1" type="stmt"/>
        <line num="17" count="4" type="stmt"/>
        <line num="18" count="4" type="cond" truecount="2" falsecount="0"/>
        <line num="19" count="3" type="stmt"/>
        <line num="20" count="2" type="cond" truecount="1" falsecount="1"/>
        <line num="21" count="2" type="stmt"/>
        <line num="23" count="2" type="cond" truecount="2" falsecount="0"/>
        <line num="24" count="1" type="stmt"/>
        <line num="27" count="1" type="stmt"/>
        <line num="28" count="1" type="stmt"/>
        <line num="30" count="1" type="stmt"/>
      </file>
      <file name="authorize.ts" path="C:\Users\acer\Desktop\Backend Arenaticket\src\middlewares\authorize.ts">
        <metrics statements="10" coveredstatements="10" conditionals="6" coveredconditionals="5" methods="4" coveredmethods="4"/>
        <line num="3" count="1" type="stmt"/>
        <line num="5" count="1" type="stmt"/>
        <line num="6" count="4" type="stmt"/>
        <line num="7" count="4" type="cond" truecount="2" falsecount="0"/>
        <line num="8" count="1" type="stmt"/>
        <line num="11" count="3" type="stmt"/>
        <line num="12" count="4" type="cond" truecount="2" falsecount="0"/>
        <line num="13" count="2" type="cond" truecount="1" falsecount="1"/>
        <line num="16" count="2" type="stmt"/>
        <line num="19" count="1" type="stmt"/>
      </file>
      <file name="errorHandler.ts" path="C:\Users\acer\Desktop\Backend Arenaticket\src\middlewares\errorHandler.ts">
        <metrics statements="52" coveredstatements="42" conditionals="46" coveredconditionals="28" methods="2" coveredmethods="2"/>
        <line num="2" count="7" type="stmt"/>
        <line num="3" count="7" type="stmt"/>
        <line num="4" count="7" type="stmt"/>
        <line num="6" count="7" type="stmt"/>
        <line num="9" count="14" type="stmt"/>
        <line num="10" count="14" type="stmt"/>
        <line num="11" count="14" type="stmt"/>
        <line num="15" count="7" type="stmt"/>
        <line num="16" count="8" type="stmt"/>
        <line num="17" count="8" type="stmt"/>
        <line num="19" count="8" type="cond" truecount="2" falsecount="0"/>
        <line num="20" count="1" type="stmt"/>
        <line num="21" count="1" type="cond" truecount="1" falsecount="1"/>
        <line num="28" count="8" type="cond" truecount="2" falsecount="0"/>
        <line num="29" count="1" type="stmt"/>
        <line num="30" count="1" type="stmt"/>
        <line num="33" count="8" type="cond" truecount="2" falsecount="0"/>
        <line num="34" count="1" type="stmt"/>
        <line num="35" count="1" type="stmt"/>
        <line num="36" count="1" type="stmt"/>
        <line num="37" count="1" type="cond" truecount="1" falsecount="3"/>
        <line num="42" count="8" type="cond" truecount="4" falsecount="0"/>
        <line num="43" count="1" type="stmt"/>
        <line num="44" count="1" type="stmt"/>
        <line num="48" count="8" type="cond" truecount="2" falsecount="0"/>
        <line num="49" count="1" type="stmt"/>
        <line num="50" count="1" type="cond" truecount="1" falsecount="1"/>
        <line num="51" count="1" type="cond" truecount="3" falsecount="1"/>
        <line num="52" count="0" type="stmt"/>
        <line num="53" count="1" type="cond" truecount="1" falsecount="1"/>
        <line num="54" count="1" type="stmt"/>
        <line num="55" count="0" type="cond" truecount="0" falsecount="2"/>
        <line num="56" count="0" type="stmt"/>
        <line num="57" count="0" type="cond" truecount="0" falsecount="2"/>
        <line num="58" count="0" type="stmt"/>
        <line num="59" count="0" type="cond" truecount="0" falsecount="4"/>
        <line num="60" count="0" type="stmt"/>
        <line num="62" count="0" type="stmt"/>
        <line num="66" count="8" type="cond" truecount="2" falsecount="0"/>
        <line num="67" count="1" type="stmt"/>
        <line num="68" count="1" type="stmt"/>
        <line num="69" count="1" type="cond" truecount="1" falsecount="1"/>
        <line num="72" count="8" type="cond" truecount="2" falsecount="0"/>
        <line num="73" count="1" type="stmt"/>
        <line num="74" count="1" type="stmt"/>
        <line num="77" count="8" type="cond" truecount="1" falsecount="1"/>
        <line num="78" count="0" type="stmt"/>
        <line num="79" count="0" type="stmt"/>
        <line num="82" count="8" type="cond" truecount="2" falsecount="0"/>
        <line num="83" count="1" type="stmt"/>
        <line num="89" count="1" type="stmt"/>
        <line num="92" count="8" type="stmt"/>
      </file>
      <file name="upload.ts" path="C:\Users\acer\Desktop\Backend Arenaticket\src\middlewares\upload.ts">
        <metrics statements="29" coveredstatements="25" conditionals="10" coveredconditionals="7" methods="5" coveredmethods="4"/>
        <line num="2" count="1" type="stmt"/>
        <line num="3" count="1" type="stmt"/>
        <line num="4" count="1" type="stmt"/>
        <line num="5" count="1" type="stmt"/>
        <line num="6" count="1" type="stmt"/>
        <line num="8" count="1" type="stmt"/>
        <line num="9" count="1" type="cond" truecount="1" falsecount="1"/>
        <line num="10" count="1" type="stmt"/>
        <line num="14" count="1" type="stmt"/>
        <line num="15" count="1" type="cond" truecount="1" falsecount="1"/>
        <line num="16" count="0" type="stmt"/>
        <line num="18" count="1" type="cond" truecount="1" falsecount="1"/>
        <line num="19" count="1" type="stmt"/>
        <line num="22" count="0" type="stmt"/>
        <line num="25" count="1" type="stmt"/>
        <line num="27" count="1" type="stmt"/>
        <line num="28" count="1" type="stmt"/>
        <line num="29" count="1" type="stmt"/>
        <line num="32" count="0" type="stmt"/>
        <line num="33" count="0" type="stmt"/>
        <line num="37" count="1" type="stmt"/>
        <line num="38" count="2" type="stmt"/>
        <line num="39" count="2" type="stmt"/>
        <line num="40" count="2" type="stmt"/>
        <line num="42" count="2" type="cond" truecount="4" falsecount="0"/>
        <line num="43" count="1" type="stmt"/>
        <line num="44" count="1" type="stmt"/>
        <line num="47" count="1" type="stmt"/>
        <line num="50" count="1" type="stmt"/>
      </file>
    </package>
    <package name="src.services">
      <metrics statements="38" coveredstatements="36" conditionals="20" coveredconditionals="14" methods="5" coveredmethods="5"/>
      <file name="PasswordResetDeliveryService.ts" path="C:\Users\acer\Desktop\Backend Arenaticket\src\services\PasswordResetDeliveryService.ts">
        <metrics statements="7" coveredstatements="7" conditionals="4" coveredconditionals="3" methods="2" coveredmethods="2"/>
        <line num="1" count="1" type="stmt"/>
        <line num="14" count="1" type="stmt"/>
        <line num="16" count="2" type="cond" truecount="2" falsecount="0"/>
        <line num="17" count="1" type="stmt"/>
        <line num="25" count="1" type="stmt"/>
        <line num="26" count="1" type="cond" truecount="1" falsecount="1"/>
        <line num="27" count="1" type="stmt"/>
      </file>
      <file name="PaymentFulfillmentService.ts" path="C:\Users\acer\Desktop\Backend Arenaticket\src\services\PaymentFulfillmentService.ts">
        <metrics statements="31" coveredstatements="29" conditionals="16" coveredconditionals="11" methods="3" coveredmethods="3"/>
        <line num="1" count="1" type="stmt"/>
        <line num="2" count="1" type="stmt"/>
        <line num="3" count="1" type="stmt"/>
        <line num="5" count="1" type="stmt"/>
        <line num="6" count="1" type="stmt"/>
        <line num="8" count="1" type="stmt"/>
        <line num="9" count="5" type="stmt"/>
        <line num="16" count="5" type="cond" truecount="2" falsecount="0"/>
        <line num="17" count="1" type="stmt"/>
        <line num="19" count="4" type="stmt"/>
        <line num="20" count="4" type="cond" truecount="2" falsecount="0"/>
        <line num="21" count="3" type="cond" truecount="2" falsecount="0"/>
        <line num="22" count="1" type="stmt"/>
        <line num="24" count="2" type="cond" truecount="2" falsecount="0"/>
        <line num="25" count="1" type="stmt"/>
        <line num="27" count="1" type="cond" truecount="1" falsecount="1"/>
        <line num="28" count="0" type="stmt"/>
        <line num="30" count="1" type="cond" truecount="1" falsecount="1"/>
        <line num="31" count="1" type="stmt"/>
        <line num="32" count="1" type="stmt"/>
        <line num="35" count="1" type="stmt"/>
        <line num="36" count="1" type="stmt"/>
        <line num="37" count="1" type="stmt"/>
        <line num="39" count="1" type="stmt"/>
        <line num="44" count="1" type="cond" truecount="1" falsecount="1"/>
        <line num="45" count="1" type="stmt"/>
        <line num="49" count="1" type="stmt"/>
        <line num="51" count="0" type="cond" truecount="0" falsecount="2"/>
        <line num="54" count="1" type="stmt"/>
        <line num="58" count="1" type="stmt"/>
        <line num="59" count="5" type="stmt"/>
      </file>
    </package>
    <package name="src.utils">
      <metrics statements="10" coveredstatements="10" conditionals="1" coveredconditionals="1" methods="3" coveredmethods="3"/>
      <file name="bookingRef.ts" path="C:\Users\acer\Desktop\Backend Arenaticket\src\utils\bookingRef.ts">
        <metrics statements="5" coveredstatements="5" conditionals="0" coveredconditionals="0" methods="1" coveredmethods="1"/>
        <line num="1" count="2" type="stmt"/>
        <line num="3" count="2" type="stmt"/>
        <line num="4" count="3" type="stmt"/>
        <line num="5" count="3" type="stmt"/>
        <line num="6" count="3" type="stmt"/>
      </file>
      <file name="qrCode.ts" path="C:\Users\acer\Desktop\Backend Arenaticket\src\utils\qrCode.ts">
        <metrics statements="3" coveredstatements="3" conditionals="0" coveredconditionals="0" methods="1" coveredmethods="1"/>
        <line num="1" count="3" type="stmt"/>
        <line num="9" count="3" type="stmt"/>
        <line num="10" count="3" type="stmt"/>
      </file>
      <file name="response.ts" path="C:\Users\acer\Desktop\Backend Arenaticket\src\utils\response.ts">
        <metrics statements="2" coveredstatements="2" conditionals="1" coveredconditionals="1" methods="1" coveredmethods="1"/>
        <line num="3" count="3" type="cond" truecount="1" falsecount="0"/>
        <line num="4" count="4" type="stmt"/>
      </file>
    </package>
  </project>
</coverage>
