{"C:\\Users\\acer\\Desktop\\Backend Arenaticket\\src\\app.ts": {"path":"C:\\Users\\acer\\Desktop\\Backend Arenaticket\\src\\app.ts","statementMap":{"0":{"start":{"line":1,"column":0},"end":{"line":1,"column":66}},"1":{"start":{"line":2,"column":0},"end":{"line":2,"column":28}},"2":{"start":{"line":3,"column":0},"end":{"line":3,"column":24}},"3":{"start":{"line":4,"column":0},"end":{"line":4,"column":38}},"4":{"start":{"line":5,"column":0},"end":{"line":5,"column":28}},"5":{"start":{"line":6,"column":0},"end":{"line":6,"column":41}},"6":{"start":{"line":8,"column":0},"end":{"line":8,"column":46}},"7":{"start":{"line":9,"column":0},"end":{"line":9,"column":48}},"8":{"start":{"line":10,"column":0},"end":{"line":10,"column":52}},"9":{"start":{"line":11,"column":0},"end":{"line":11,"column":46}},"10":{"start":{"line":12,"column":0},"end":{"line":12,"column":52}},"11":{"start":{"line":13,"column":0},"end":{"line":13,"column":65}},"12":{"start":{"line":14,"column":0},"end":{"line":14,"column":48}},"13":{"start":{"line":15,"column":0},"end":{"line":15,"column":65}},"14":{"start":{"line":16,"column":0},"end":{"line":16,"column":60}},"15":{"start":{"line":19,"column":0},"end":{"line":19,"column":58}},"16":{"start":{"line":20,"column":0},"end":{"line":20,"column":47}},"17":{"start":{"line":21,"column":0},"end":{"line":21,"column":46}},"18":{"start":{"line":23,"column":25},"end":{"line":23,"column":34}},"19":{"start":{"line":27,"column":0},"end":{"line":29,"column":4}},"20":{"start":{"line":30,"column":23},"end":{"line":30,"column":117}},"21":{"start":{"line":30,"column":103},"end":{"line":30,"column":116}},"22":{"start":{"line":31,"column":0},"end":{"line":31,"column":61}},"23":{"start":{"line":32,"column":0},"end":{"line":32,"column":41}},"24":{"start":{"line":33,"column":0},"end":{"line":33,"column":48}},"25":{"start":{"line":34,"column":0},"end":{"line":34,"column":24}},"26":{"start":{"line":35,"column":0},"end":{"line":35,"column":23}},"27":{"start":{"line":36,"column":0},"end":{"line":36,"column":50}},"28":{"start":{"line":39,"column":0},"end":{"line":41,"column":1}},"29":{"start":{"line":40,"column":2},"end":{"line":40,"column":25}},"30":{"start":{"line":44,"column":0},"end":{"line":46,"column":3}},"31":{"start":{"line":45,"column":2},"end":{"line":45,"column":81}},"32":{"start":{"line":49,"column":0},"end":{"line":49,"column":36}},"33":{"start":{"line":50,"column":0},"end":{"line":50,"column":39}},"34":{"start":{"line":51,"column":0},"end":{"line":51,"column":43}},"35":{"start":{"line":52,"column":0},"end":{"line":52,"column":43}},"36":{"start":{"line":53,"column":0},"end":{"line":53,"column":37}},"37":{"start":{"line":54,"column":0},"end":{"line":54,"column":40}},"38":{"start":{"line":55,"column":0},"end":{"line":55,"column":38}},"39":{"start":{"line":56,"column":0},"end":{"line":56,"column":41}},"40":{"start":{"line":57,"column":0},"end":{"line":57,"column":52}},"41":{"start":{"line":60,"column":0},"end":{"line":60,"column":22}},"42":{"start":{"line":62,"column":0},"end":{"line":62,"column":19}}},"fnMap":{"0":{"name":"(anonymous_1)","decl":{"start":{"line":30,"column":91},"end":{"line":30,"column":92}},"loc":{"start":{"line":30,"column":103},"end":{"line":30,"column":116}}},"1":{"name":"(anonymous_2)","decl":{"start":{"line":44,"column":19},"end":{"line":44,"column":20}},"loc":{"start":{"line":44,"column":51},"end":{"line":46,"column":1}}}},"branchMap":{"0":{"loc":{"start":{"line":30,"column":24},"end":{"line":30,"column":74}},"type":"binary-expr","locations":[{"start":{"line":30,"column":24},"end":{"line":30,"column":47}},{"start":{"line":30,"column":51},"end":{"line":30,"column":74}}]},"1":{"loc":{"start":{"line":39,"column":0},"end":{"line":41,"column":1}},"type":"if","locations":[{"start":{"line":39,"column":0},"end":{"line":41,"column":1}},{"start":{},"end":{}}]}},"s":{"0":1,"1":1,"2":1,"3":1,"4":1,"5":1,"6":1,"7":1,"8":1,"9":1,"10":1,"11":1,"12":1,"13":1,"14":1,"15":1,"16":1,"17":1,"18":1,"19":1,"20":1,"21":1,"22":1,"23":1,"24":1,"25":1,"26":1,"27":1,"28":1,"29":0,"30":1,"31":1,"32":1,"33":1,"34":1,"35":1,"36":1,"37":1,"38":1,"39":1,"40":1,"41":1,"42":1},"f":{"0":1,"1":1},"b":{"0":[1,1],"1":[0,1]}}
,"C:\\Users\\acer\\Desktop\\Backend Arenaticket\\src\\config\\email.ts": {"path":"C:\\Users\\acer\\Desktop\\Backend Arenaticket\\src\\config\\email.ts","statementMap":{"0":{"start":{"line":12,"column":0},"end":{"line":12,"column":7}},"1":{"start":{"line":1,"column":0},"end":{"line":1,"column":36}},"2":{"start":{"line":2,"column":0},"end":{"line":2,"column":61}},"3":{"start":{"line":4,"column":13},"end":{"line":10,"column":3}},"4":{"start":{"line":13,"column":2},"end":{"line":18,"column":5}}},"fnMap":{"0":{"name":"sendEmail","decl":{"start":{"line":12,"column":22},"end":{"line":12,"column":31}},"loc":{"start":{"line":12,"column":73},"end":{"line":19,"column":1}}}},"branchMap":{},"s":{"0":2,"1":2,"2":2,"3":2,"4":1},"f":{"0":1},"b":{}}
,"C:\\Users\\acer\\Desktop\\Backend Arenaticket\\src\\config\\index.ts": {"path":"C:\\Users\\acer\\Desktop\\Backend Arenaticket\\src\\config\\index.ts","statementMap":{"0":{"start":{"line":1,"column":0},"end":{"line":1,"column":28}},"1":{"start":{"line":3,"column":0},"end":{"line":3,"column":16}},"2":{"start":{"line":5,"column":17},"end":{"line":11,"column":1}},"3":{"start":{"line":6,"column":19},"end":{"line":6,"column":44}},"4":{"start":{"line":7,"column":2},"end":{"line":9,"column":3}},"5":{"start":{"line":8,"column":4},"end":{"line":8,"column":70}},"6":{"start":{"line":10,"column":2},"end":{"line":10,"column":18}},"7":{"start":{"line":13,"column":13},"end":{"line":13,"column":62}},"8":{"start":{"line":14,"column":13},"end":{"line":14,"column":53}},"9":{"start":{"line":15,"column":13},"end":{"line":19,"column":2}},"10":{"start":{"line":20,"column":13},"end":{"line":20,"column":98}},"11":{"start":{"line":21,"column":13},"end":{"line":21,"column":65}},"12":{"start":{"line":22,"column":13},"end":{"line":22,"column":110}},"13":{"start":{"line":23,"column":13},"end":{"line":23,"column":105}},"14":{"start":{"line":24,"column":13},"end":{"line":24,"column":100}},"15":{"start":{"line":25,"column":13},"end":{"line":25,"column":82}}},"fnMap":{"0":{"name":"(anonymous_1)","decl":{"start":{"line":5,"column":17},"end":{"line":5,"column":18}},"loc":{"start":{"line":5,"column":79},"end":{"line":11,"column":1}}}},"branchMap":{"0":{"loc":{"start":{"line":6,"column":19},"end":{"line":6,"column":44}},"type":"binary-expr","locations":[{"start":{"line":6,"column":19},"end":{"line":6,"column":32}},{"start":{"line":6,"column":36},"end":{"line":6,"column":44}}]},"1":{"loc":{"start":{"line":7,"column":2},"end":{"line":9,"column":3}},"type":"if","locations":[{"start":{"line":7,"column":2},"end":{"line":9,"column":3}},{"start":{},"end":{}}]},"2":{"loc":{"start":{"line":13,"column":24},"end":{"line":13,"column":61}},"type":"binary-expr","locations":[{"start":{"line":13,"column":24},"end":{"line":13,"column":44}},{"start":{"line":13,"column":48},"end":{"line":13,"column":61}}]},"3":{"loc":{"start":{"line":14,"column":27},"end":{"line":14,"column":51}},"type":"binary-expr","locations":[{"start":{"line":14,"column":27},"end":{"line":14,"column":43}},{"start":{"line":14,"column":47},"end":{"line":14,"column":51}}]},"4":{"loc":{"start":{"line":16,"column":2},"end":{"line":16,"column":50}},"type":"binary-expr","locations":[{"start":{"line":16,"column":2},"end":{"line":16,"column":23}},{"start":{"line":16,"column":27},"end":{"line":16,"column":50}}]},"5":{"loc":{"start":{"line":21,"column":27},"end":{"line":21,"column":64}},"type":"binary-expr","locations":[{"start":{"line":21,"column":27},"end":{"line":21,"column":50}},{"start":{"line":21,"column":54},"end":{"line":21,"column":64}}]},"6":{"loc":{"start":{"line":25,"column":26},"end":{"line":25,"column":81}},"type":"binary-expr","locations":[{"start":{"line":25,"column":26},"end":{"line":25,"column":48}},{"start":{"line":25,"column":52},"end":{"line":25,"column":81}}]}},"s":{"0":4,"1":4,"2":4,"3":20,"4":20,"5":0,"6":20,"7":4,"8":4,"9":4,"10":4,"11":4,"12":4,"13":4,"14":4,"15":4},"f":{"0":20},"b":{"0":[20,0],"1":[0,20],"2":[4,0],"3":[4,0],"4":[4,0],"5":[4,0],"6":[4,0]}}
,"C:\\Users\\acer\\Desktop\\Backend Arenaticket\\src\\config\\paths.ts": {"path":"C:\\Users\\acer\\Desktop\\Backend Arenaticket\\src\\config\\paths.ts","statementMap":{"0":{"start":{"line":1,"column":0},"end":{"line":1,"column":24}},"1":{"start":{"line":4,"column":13},"end":{"line":4,"column":64}},"2":{"start":{"line":5,"column":13},"end":{"line":5,"column":66}},"3":{"start":{"line":6,"column":13},"end":{"line":6,"column":69}},"4":{"start":{"line":7,"column":13},"end":{"line":7,"column":71}},"5":{"start":{"line":8,"column":13},"end":{"line":8,"column":81}}},"fnMap":{},"branchMap":{},"s":{"0":3,"1":3,"2":3,"3":3,"4":3,"5":3},"f":{},"b":{}}
,"C:\\Users\\acer\\Desktop\\Backend Arenaticket\\src\\features\\auth\\validation\\validation.ts": {"path":"C:\\Users\\acer\\Desktop\\Backend Arenaticket\\src\\features\\auth\\validation\\validation.ts","statementMap":{"0":{"start":{"line":1,"column":0},"end":{"line":1,"column":24}},"1":{"start":{"line":3,"column":13},"end":{"line":8,"column":70}},"2":{"start":{"line":10,"column":13},"end":{"line":38,"column":3}},"3":{"start":{"line":24,"column":2},"end":{"line":30,"column":3}},"4":{"start":{"line":25,"column":4},"end":{"line":29,"column":7}},"5":{"start":{"line":31,"column":2},"end":{"line":37,"column":3}},"6":{"start":{"line":32,"column":4},"end":{"line":36,"column":7}},"7":{"start":{"line":40,"column":13},"end":{"line":45,"column":12}},"8":{"start":{"line":47,"column":13},"end":{"line":62,"column":3}},"9":{"start":{"line":55,"column":2},"end":{"line":61,"column":3}},"10":{"start":{"line":56,"column":4},"end":{"line":60,"column":7}},"11":{"start":{"line":64,"column":13},"end":{"line":69,"column":3}},"12":{"start":{"line":71,"column":13},"end":{"line":76,"column":3}},"13":{"start":{"line":78,"column":13},"end":{"line":83,"column":3}}},"fnMap":{"0":{"name":"(anonymous_0)","decl":{"start":{"line":23,"column":24},"end":{"line":23,"column":25}},"loc":{"start":{"line":23,"column":42},"end":{"line":38,"column":1}}},"1":{"name":"(anonymous_1)","decl":{"start":{"line":54,"column":24},"end":{"line":54,"column":25}},"loc":{"start":{"line":54,"column":42},"end":{"line":62,"column":1}}}},"branchMap":{"0":{"loc":{"start":{"line":24,"column":2},"end":{"line":30,"column":3}},"type":"if","locations":[{"start":{"line":24,"column":2},"end":{"line":30,"column":3}},{"start":{},"end":{}}]},"1":{"loc":{"start":{"line":24,"column":6},"end":{"line":24,"column":71}},"type":"binary-expr","locations":[{"start":{"line":24,"column":6},"end":{"line":24,"column":33}},{"start":{"line":24,"column":37},"end":{"line":24,"column":71}}]},"2":{"loc":{"start":{"line":31,"column":2},"end":{"line":37,"column":3}},"type":"if","locations":[{"start":{"line":31,"column":2},"end":{"line":37,"column":3}},{"start":{},"end":{}}]},"3":{"loc":{"start":{"line":55,"column":2},"end":{"line":61,"column":3}},"type":"if","locations":[{"start":{"line":55,"column":2},"end":{"line":61,"column":3}},{"start":{},"end":{}}]}},"s":{"0":2,"1":2,"2":2,"3":3,"4":1,"5":3,"6":1,"7":2,"8":2,"9":2,"10":1,"11":2,"12":2,"13":2},"f":{"0":3,"1":2},"b":{"0":[1,2],"1":[3,3],"2":[1,2],"3":[1,1]}}
,"C:\\Users\\acer\\Desktop\\Backend Arenaticket\\src\\features\\user\\validation\\validation.ts": {"path":"C:\\Users\\acer\\Desktop\\Backend Arenaticket\\src\\features\\user\\validation\\validation.ts","statementMap":{"0":{"start":{"line":1,"column":0},"end":{"line":1,"column":24}},"1":{"start":{"line":2,"column":0},"end":{"line":2,"column":66}},"2":{"start":{"line":4,"column":13},"end":{"line":18,"column":3}},"3":{"start":{"line":12,"column":12},"end":{"line":12,"column":40}},"4":{"start":{"line":15,"column":2},"end":{"line":17,"column":3}},"5":{"start":{"line":16,"column":4},"end":{"line":16,"column":121}},"6":{"start":{"line":20,"column":13},"end":{"line":24,"column":12}}},"fnMap":{"0":{"name":"(anonymous_0)","decl":{"start":{"line":12,"column":2},"end":{"line":12,"column":3}},"loc":{"start":{"line":12,"column":12},"end":{"line":12,"column":40}}},"1":{"name":"(anonymous_1)","decl":{"start":{"line":14,"column":14},"end":{"line":14,"column":15}},"loc":{"start":{"line":14,"column":32},"end":{"line":18,"column":1}}}},"branchMap":{"0":{"loc":{"start":{"line":15,"column":2},"end":{"line":17,"column":3}},"type":"if","locations":[{"start":{"line":15,"column":2},"end":{"line":17,"column":3}},{"start":{},"end":{}}]},"1":{"loc":{"start":{"line":15,"column":6},"end":{"line":15,"column":91}},"type":"binary-expr","locations":[{"start":{"line":15,"column":6},"end":{"line":15,"column":33}},{"start":{"line":15,"column":37},"end":{"line":15,"column":53}},{"start":{"line":15,"column":57},"end":{"line":15,"column":91}}]}},"s":{"0":1,"1":1,"2":1,"3":4,"4":4,"5":1,"6":1},"f":{"0":4,"1":4},"b":{"0":[1,3],"1":[4,1,1]}}
,"C:\\Users\\acer\\Desktop\\Backend Arenaticket\\src\\middlewares\\auth.ts": {"path":"C:\\Users\\acer\\Desktop\\Backend Arenaticket\\src\\middlewares\\auth.ts","statementMap":{"0":{"start":{"line":2,"column":0},"end":{"line":2,"column":31}},"1":{"start":{"line":3,"column":0},"end":{"line":3,"column":45}},"2":{"start":{"line":4,"column":0},"end":{"line":4,"column":42}},"3":{"start":{"line":10,"column":28},"end":{"line":32,"column":1}},"4":{"start":{"line":11,"column":2},"end":{"line":31,"column":3}},"5":{"start":{"line":12,"column":18},"end":{"line":12,"column":58}},"6":{"start":{"line":13,"column":4},"end":{"line":15,"column":5}},"7":{"start":{"line":14,"column":6},"end":{"line":14,"column":64}},"8":{"start":{"line":17,"column":19},"end":{"line":17,"column":41}},"9":{"start":{"line":18,"column":4},"end":{"line":18,"column":80}},"10":{"start":{"line":18,"column":17},"end":{"line":18,"column":80}},"11":{"start":{"line":19,"column":20},"end":{"line":19,"column":63}},"12":{"start":{"line":20,"column":19},"end":{"line":20,"column":47}},"13":{"start":{"line":21,"column":17},"end":{"line":21,"column":44}},"14":{"start":{"line":23,"column":4},"end":{"line":25,"column":5}},"15":{"start":{"line":24,"column":6},"end":{"line":24,"column":55}},"16":{"start":{"line":27,"column":4},"end":{"line":27,"column":20}},"17":{"start":{"line":28,"column":4},"end":{"line":28,"column":11}},"18":{"start":{"line":30,"column":4},"end":{"line":30,"column":56}},"19":{"start":{"line":10,"column":13},"end":{"line":10,"column":28}}},"fnMap":{"0":{"name":"(anonymous_1)","decl":{"start":{"line":10,"column":28},"end":{"line":10,"column":33}},"loc":{"start":{"line":10,"column":90},"end":{"line":32,"column":1}}}},"branchMap":{"0":{"loc":{"start":{"line":13,"column":4},"end":{"line":15,"column":5}},"type":"if","locations":[{"start":{"line":13,"column":4},"end":{"line":15,"column":5}},{"start":{},"end":{}}]},"1":{"loc":{"start":{"line":18,"column":4},"end":{"line":18,"column":80}},"type":"if","locations":[{"start":{"line":18,"column":4},"end":{"line":18,"column":80}},{"start":{},"end":{}}]},"2":{"loc":{"start":{"line":20,"column":19},"end":{"line":20,"column":47}},"type":"binary-expr","locations":[{"start":{"line":20,"column":19},"end":{"line":20,"column":33}},{"start":{"line":20,"column":37},"end":{"line":20,"column":47}}]},"3":{"loc":{"start":{"line":23,"column":4},"end":{"line":25,"column":5}},"type":"if","locations":[{"start":{"line":23,"column":4},"end":{"line":25,"column":5}},{"start":{},"end":{}}]}},"s":{"0":1,"1":1,"2":1,"3":1,"4":5,"5":5,"6":5,"7":1,"8":4,"9":4,"10":1,"11":3,"12":2,"13":2,"14":2,"15":1,"16":1,"17":1,"18":1,"19":1},"f":{"0":5},"b":{"0":[1,4],"1":[1,3],"2":[2,0],"3":[1,1]}}
,"C:\\Users\\acer\\Desktop\\Backend Arenaticket\\src\\middlewares\\authorize.ts": {"path":"C:\\Users\\acer\\Desktop\\Backend Arenaticket\\src\\middlewares\\authorize.ts","statementMap":{"0":{"start":{"line":3,"column":0},"end":{"line":3,"column":42}},"1":{"start":{"line":5,"column":25},"end":{"line":21,"column":1}},"2":{"start":{"line":6,"column":2},"end":{"line":20,"column":4}},"3":{"start":{"line":7,"column":4},"end":{"line":9,"column":5}},"4":{"start":{"line":8,"column":6},"end":{"line":8,"column":64}},"5":{"start":{"line":11,"column":27},"end":{"line":11,"column":62}},"6":{"start":{"line":12,"column":4},"end":{"line":17,"column":5}},"7":{"start":{"line":12,"column":27},"end":{"line":12,"column":45}},"8":{"start":{"line":13,"column":22},"end":{"line":15,"column":61}},"9":{"start":{"line":13,"column":41},"end":{"line":13,"column":71}},"10":{"start":{"line":16,"column":6},"end":{"line":16,"column":46}},"11":{"start":{"line":19,"column":4},"end":{"line":19,"column":11}},"12":{"start":{"line":5,"column":13},"end":{"line":5,"column":25}}},"fnMap":{"0":{"name":"(anonymous_0)","decl":{"start":{"line":5,"column":25},"end":{"line":5,"column":26}},"loc":{"start":{"line":5,"column":48},"end":{"line":21,"column":1}}},"1":{"name":"(anonymous_1)","decl":{"start":{"line":6,"column":9},"end":{"line":6,"column":10}},"loc":{"start":{"line":6,"column":71},"end":{"line":20,"column":3}}},"2":{"name":"(anonymous_2)","decl":{"start":{"line":12,"column":19},"end":{"line":12,"column":23}},"loc":{"start":{"line":12,"column":27},"end":{"line":12,"column":45}}},"3":{"name":"(anonymous_3)","decl":{"start":{"line":13,"column":33},"end":{"line":13,"column":37}},"loc":{"start":{"line":13,"column":41},"end":{"line":13,"column":71}}}},"branchMap":{"0":{"loc":{"start":{"line":7,"column":4},"end":{"line":9,"column":5}},"type":"if","locations":[{"start":{"line":7,"column":4},"end":{"line":9,"column":5}},{"start":{},"end":{}}]},"1":{"loc":{"start":{"line":12,"column":4},"end":{"line":17,"column":5}},"type":"if","locations":[{"start":{"line":12,"column":4},"end":{"line":17,"column":5}},{"start":{},"end":{}}]},"2":{"loc":{"start":{"line":13,"column":22},"end":{"line":15,"column":61}},"type":"cond-expr","locations":[{"start":{"line":14,"column":10},"end":{"line":14,"column":42}},{"start":{"line":15,"column":10},"end":{"line":15,"column":61}}]}},"s":{"0":1,"1":1,"2":4,"3":4,"4":1,"5":3,"6":3,"7":4,"8":2,"9":2,"10":2,"11":1,"12":1},"f":{"0":4,"1":4,"2":4,"3":2},"b":{"0":[1,3],"1":[2,1],"2":[2,0]}}
,"C:\\Users\\acer\\Desktop\\Backend Arenaticket\\src\\middlewares\\errorHandler.ts": {"path":"C:\\Users\\acer\\Desktop\\Backend Arenaticket\\src\\middlewares\\errorHandler.ts","statementMap":{"0":{"start":{"line":2,"column":0},"end":{"line":2,"column":28}},"1":{"start":{"line":3,"column":0},"end":{"line":3,"column":32}},"2":{"start":{"line":4,"column":0},"end":{"line":4,"column":31}},"3":{"start":{"line":9,"column":4},"end":{"line":9,"column":19}},"4":{"start":{"line":10,"column":4},"end":{"line":10,"column":33}},"5":{"start":{"line":11,"column":4},"end":{"line":11,"column":52}},"6":{"start":{"line":6,"column":0},"end":{"line":6,"column":13}},"7":{"start":{"line":15,"column":28},"end":{"line":96,"column":1}},"8":{"start":{"line":16,"column":19},"end":{"line":16,"column":22}},"9":{"start":{"line":17,"column":16},"end":{"line":17,"column":39}},"10":{"start":{"line":19,"column":2},"end":{"line":26,"column":3}},"11":{"start":{"line":20,"column":4},"end":{"line":20,"column":21}},"12":{"start":{"line":21,"column":4},"end":{"line":25,"column":20}},"13":{"start":{"line":28,"column":2},"end":{"line":31,"column":3}},"14":{"start":{"line":29,"column":4},"end":{"line":29,"column":32}},"15":{"start":{"line":30,"column":4},"end":{"line":30,"column":26}},"16":{"start":{"line":33,"column":2},"end":{"line":40,"column":3}},"17":{"start":{"line":34,"column":4},"end":{"line":34,"column":21}},"18":{"start":{"line":35,"column":18},"end":{"line":35,"column":31}},"19":{"start":{"line":36,"column":22},"end":{"line":36,"column":56}},"20":{"start":{"line":37,"column":4},"end":{"line":39,"column":32}},"21":{"start":{"line":42,"column":2},"end":{"line":45,"column":3}},"22":{"start":{"line":43,"column":4},"end":{"line":43,"column":21}},"23":{"start":{"line":44,"column":4},"end":{"line":44,"column":42}},"24":{"start":{"line":48,"column":2},"end":{"line":64,"column":3}},"25":{"start":{"line":49,"column":4},"end":{"line":49,"column":21}},"26":{"start":{"line":50,"column":24},"end":{"line":50,"column":88}},"27":{"start":{"line":51,"column":4},"end":{"line":63,"column":5}},"28":{"start":{"line":52,"column":6},"end":{"line":52,"column":72}},"29":{"start":{"line":53,"column":11},"end":{"line":63,"column":5}},"30":{"start":{"line":54,"column":6},"end":{"line":54,"column":43}},"31":{"start":{"line":55,"column":11},"end":{"line":63,"column":5}},"32":{"start":{"line":56,"column":6},"end":{"line":56,"column":53}},"33":{"start":{"line":57,"column":11},"end":{"line":63,"column":5}},"34":{"start":{"line":58,"column":6},"end":{"line":58,"column":59}},"35":{"start":{"line":59,"column":11},"end":{"line":63,"column":5}},"36":{"start":{"line":60,"column":6},"end":{"line":60,"column":51}},"37":{"start":{"line":62,"column":6},"end":{"line":62,"column":35}},"38":{"start":{"line":66,"column":2},"end":{"line":70,"column":3}},"39":{"start":{"line":67,"column":4},"end":{"line":67,"column":21}},"40":{"start":{"line":68,"column":28},"end":{"line":68,"column":56}},"41":{"start":{"line":69,"column":4},"end":{"line":69,"column":65}},"42":{"start":{"line":72,"column":2},"end":{"line":75,"column":3}},"43":{"start":{"line":73,"column":4},"end":{"line":73,"column":21}},"44":{"start":{"line":74,"column":4},"end":{"line":74,"column":36}},"45":{"start":{"line":77,"column":2},"end":{"line":80,"column":3}},"46":{"start":{"line":78,"column":4},"end":{"line":78,"column":21}},"47":{"start":{"line":79,"column":4},"end":{"line":79,"column":40}},"48":{"start":{"line":82,"column":2},"end":{"line":90,"column":3}},"49":{"start":{"line":83,"column":4},"end":{"line":88,"column":7}},"50":{"start":{"line":89,"column":4},"end":{"line":89,"column":38}},"51":{"start":{"line":92,"column":2},"end":{"line":95,"column":5}},"52":{"start":{"line":15,"column":13},"end":{"line":15,"column":28}}},"fnMap":{"0":{"name":"(anonymous_1)","decl":{"start":{"line":8,"column":2},"end":{"line":8,"column":14}},"loc":{"start":{"line":8,"column":49},"end":{"line":12,"column":3}}},"1":{"name":"(anonymous_2)","decl":{"start":{"line":15,"column":28},"end":{"line":15,"column":29}},"loc":{"start":{"line":15,"column":93},"end":{"line":96,"column":1}}}},"branchMap":{"0":{"loc":{"start":{"line":19,"column":2},"end":{"line":26,"column":3}},"type":"if","locations":[{"start":{"line":19,"column":2},"end":{"line":26,"column":3}},{"start":{},"end":{}}]},"1":{"loc":{"start":{"line":21,"column":14},"end":{"line":25,"column":19}},"type":"cond-expr","locations":[{"start":{"line":22,"column":9},"end":{"line":24,"column":52}},{"start":{"line":25,"column":8},"end":{"line":25,"column":19}}]},"2":{"loc":{"start":{"line":22,"column":9},"end":{"line":24,"column":52}},"type":"cond-expr","locations":[{"start":{"line":23,"column":10},"end":{"line":23,"column":48}},{"start":{"line":24,"column":10},"end":{"line":24,"column":52}}]},"3":{"loc":{"start":{"line":28,"column":2},"end":{"line":31,"column":3}},"type":"if","locations":[{"start":{"line":28,"column":2},"end":{"line":31,"column":3}},{"start":{},"end":{}}]},"4":{"loc":{"start":{"line":33,"column":2},"end":{"line":40,"column":3}},"type":"if","locations":[{"start":{"line":33,"column":2},"end":{"line":40,"column":3}},{"start":{},"end":{}}]},"5":{"loc":{"start":{"line":37,"column":14},"end":{"line":39,"column":31}},"type":"binary-expr","locations":[{"start":{"line":37,"column":14},"end":{"line":37,"column":28}},{"start":{"line":37,"column":33},"end":{"line":39,"column":30}}]},"6":{"loc":{"start":{"line":37,"column":33},"end":{"line":39,"column":30}},"type":"cond-expr","locations":[{"start":{"line":38,"column":8},"end":{"line":38,"column":45}},{"start":{"line":39,"column":8},"end":{"line":39,"column":30}}]},"7":{"loc":{"start":{"line":42,"column":2},"end":{"line":45,"column":3}},"type":"if","locations":[{"start":{"line":42,"column":2},"end":{"line":45,"column":3}},{"start":{},"end":{}}]},"8":{"loc":{"start":{"line":42,"column":6},"end":{"line":42,"column":49}},"type":"binary-expr","locations":[{"start":{"line":42,"column":6},"end":{"line":42,"column":32}},{"start":{"line":42,"column":36},"end":{"line":42,"column":49}}]},"9":{"loc":{"start":{"line":48,"column":2},"end":{"line":64,"column":3}},"type":"if","locations":[{"start":{"line":48,"column":2},"end":{"line":64,"column":3}},{"start":{},"end":{}}]},"10":{"loc":{"start":{"line":50,"column":24},"end":{"line":50,"column":88}},"type":"binary-expr","locations":[{"start":{"line":50,"column":24},"end":{"line":50,"column":82}},{"start":{"line":50,"column":86},"end":{"line":50,"column":88}}]},"11":{"loc":{"start":{"line":51,"column":4},"end":{"line":63,"column":5}},"type":"if","locations":[{"start":{"line":51,"column":4},"end":{"line":63,"column":5}},{"start":{"line":53,"column":11},"end":{"line":63,"column":5}}]},"12":{"loc":{"start":{"line":51,"column":8},"end":{"line":51,"column":56}},"type":"binary-expr","locations":[{"start":{"line":51,"column":8},"end":{"line":51,"column":30}},{"start":{"line":51,"column":34},"end":{"line":51,"column":56}}]},"13":{"loc":{"start":{"line":53,"column":11},"end":{"line":63,"column":5}},"type":"if","locations":[{"start":{"line":53,"column":11},"end":{"line":63,"column":5}},{"start":{"line":55,"column":11},"end":{"line":63,"column":5}}]},"14":{"loc":{"start":{"line":55,"column":11},"end":{"line":63,"column":5}},"type":"if","locations":[{"start":{"line":55,"column":11},"end":{"line":63,"column":5}},{"start":{"line":57,"column":11},"end":{"line":63,"column":5}}]},"15":{"loc":{"start":{"line":57,"column":11},"end":{"line":63,"column":5}},"type":"if","locations":[{"start":{"line":57,"column":11},"end":{"line":63,"column":5}},{"start":{"line":59,"column":11},"end":{"line":63,"column":5}}]},"16":{"loc":{"start":{"line":59,"column":11},"end":{"line":63,"column":5}},"type":"if","locations":[{"start":{"line":59,"column":11},"end":{"line":63,"column":5}},{"start":{"line":61,"column":11},"end":{"line":63,"column":5}}]},"17":{"loc":{"start":{"line":59,"column":15},"end":{"line":59,"column":60}},"type":"binary-expr","locations":[{"start":{"line":59,"column":15},"end":{"line":59,"column":38}},{"start":{"line":59,"column":42},"end":{"line":59,"column":60}}]},"18":{"loc":{"start":{"line":66,"column":2},"end":{"line":70,"column":3}},"type":"if","locations":[{"start":{"line":66,"column":2},"end":{"line":70,"column":3}},{"start":{},"end":{}}]},"19":{"loc":{"start":{"line":69,"column":14},"end":{"line":69,"column":64}},"type":"binary-expr","locations":[{"start":{"line":69,"column":14},"end":{"line":69,"column":38}},{"start":{"line":69,"column":42},"end":{"line":69,"column":64}}]},"20":{"loc":{"start":{"line":72,"column":2},"end":{"line":75,"column":3}},"type":"if","locations":[{"start":{"line":72,"column":2},"end":{"line":75,"column":3}},{"start":{},"end":{}}]},"21":{"loc":{"start":{"line":77,"column":2},"end":{"line":80,"column":3}},"type":"if","locations":[{"start":{"line":77,"column":2},"end":{"line":80,"column":3}},{"start":{},"end":{}}]},"22":{"loc":{"start":{"line":82,"column":2},"end":{"line":90,"column":3}},"type":"if","locations":[{"start":{"line":82,"column":2},"end":{"line":90,"column":3}},{"start":{},"end":{}}]}},"s":{"0":7,"1":7,"2":7,"3":14,"4":14,"5":14,"6":7,"7":7,"8":8,"9":8,"10":8,"11":1,"12":1,"13":8,"14":1,"15":1,"16":8,"17":1,"18":1,"19":1,"20":1,"21":8,"22":1,"23":1,"24":8,"25":1,"26":1,"27":1,"28":0,"29":1,"30":1,"31":0,"32":0,"33":0,"34":0,"35":0,"36":0,"37":0,"38":8,"39":1,"40":1,"41":1,"42":8,"43":1,"44":1,"45":8,"46":0,"47":0,"48":8,"49":1,"50":1,"51":8,"52":7},"f":{"0":14,"1":8},"b":{"0":[1,7],"1":[1,0],"2":[1,0],"3":[1,7],"4":[1,7],"5":[1,0],"6":[0,0],"7":[1,7],"8":[8,1],"9":[1,7],"10":[1,0],"11":[0,1],"12":[1,1],"13":[1,0],"14":[0,0],"15":[0,0],"16":[0,0],"17":[0,0],"18":[1,7],"19":[1,0],"20":[1,7],"21":[0,8],"22":[1,7]}}
,"C:\\Users\\acer\\Desktop\\Backend Arenaticket\\src\\middlewares\\upload.ts": {"path":"C:\\Users\\acer\\Desktop\\Backend Arenaticket\\src\\middlewares\\upload.ts","statementMap":{"0":{"start":{"line":2,"column":0},"end":{"line":2,"column":52}},"1":{"start":{"line":3,"column":0},"end":{"line":3,"column":20}},"2":{"start":{"line":4,"column":0},"end":{"line":4,"column":24}},"3":{"start":{"line":5,"column":0},"end":{"line":5,"column":42}},"4":{"start":{"line":6,"column":0},"end":{"line":6,"column":97}},"5":{"start":{"line":8,"column":24},"end":{"line":12,"column":1}},"6":{"start":{"line":9,"column":2},"end":{"line":11,"column":3}},"7":{"start":{"line":10,"column":4},"end":{"line":10,"column":53}},"8":{"start":{"line":14,"column":27},"end":{"line":23,"column":1}},"9":{"start":{"line":15,"column":2},"end":{"line":17,"column":3}},"10":{"start":{"line":16,"column":4},"end":{"line":16,"column":35}},"11":{"start":{"line":18,"column":2},"end":{"line":20,"column":3}},"12":{"start":{"line":19,"column":4},"end":{"line":19,"column":30}},"13":{"start":{"line":22,"column":2},"end":{"line":22,"column":27}},"14":{"start":{"line":25,"column":16},"end":{"line":35,"column":2}},"15":{"start":{"line":27,"column":28},"end":{"line":27,"column":62}},"16":{"start":{"line":28,"column":4},"end":{"line":28,"column":37}},"17":{"start":{"line":29,"column":4},"end":{"line":29,"column":30}},"18":{"start":{"line":32,"column":25},"end":{"line":32,"column":75}},"19":{"start":{"line":33,"column":4},"end":{"line":33,"column":98}},"20":{"start":{"line":37,"column":19},"end":{"line":48,"column":1}},"21":{"start":{"line":38,"column":27},"end":{"line":38,"column":68}},"22":{"start":{"line":39,"column":28},"end":{"line":39,"column":62}},"23":{"start":{"line":40,"column":24},"end":{"line":40,"column":69}},"24":{"start":{"line":42,"column":2},"end":{"line":45,"column":3}},"25":{"start":{"line":43,"column":4},"end":{"line":43,"column":19}},"26":{"start":{"line":44,"column":4},"end":{"line":44,"column":11}},"27":{"start":{"line":47,"column":2},"end":{"line":47,"column":76}},"28":{"start":{"line":50,"column":13},"end":{"line":56,"column":3}}},"fnMap":{"0":{"name":"(anonymous_1)","decl":{"start":{"line":8,"column":24},"end":{"line":8,"column":25}},"loc":{"start":{"line":8,"column":56},"end":{"line":12,"column":1}}},"1":{"name":"(anonymous_2)","decl":{"start":{"line":14,"column":27},"end":{"line":14,"column":28}},"loc":{"start":{"line":14,"column":57},"end":{"line":23,"column":1}}},"2":{"name":"(anonymous_3)","decl":{"start":{"line":26,"column":15},"end":{"line":26,"column":16}},"loc":{"start":{"line":26,"column":64},"end":{"line":30,"column":3}}},"3":{"name":"(anonymous_4)","decl":{"start":{"line":31,"column":12},"end":{"line":31,"column":13}},"loc":{"start":{"line":31,"column":61},"end":{"line":34,"column":3}}},"4":{"name":"(anonymous_5)","decl":{"start":{"line":37,"column":19},"end":{"line":37,"column":20}},"loc":{"start":{"line":37,"column":88},"end":{"line":48,"column":1}}}},"branchMap":{"0":{"loc":{"start":{"line":9,"column":2},"end":{"line":11,"column":3}},"type":"if","locations":[{"start":{"line":9,"column":2},"end":{"line":11,"column":3}},{"start":{},"end":{}}]},"1":{"loc":{"start":{"line":15,"column":2},"end":{"line":17,"column":3}},"type":"if","locations":[{"start":{"line":15,"column":2},"end":{"line":17,"column":3}},{"start":{},"end":{}}]},"2":{"loc":{"start":{"line":18,"column":2},"end":{"line":20,"column":3}},"type":"if","locations":[{"start":{"line":18,"column":2},"end":{"line":20,"column":3}},{"start":{},"end":{}}]},"3":{"loc":{"start":{"line":42,"column":2},"end":{"line":45,"column":3}},"type":"if","locations":[{"start":{"line":42,"column":2},"end":{"line":45,"column":3}},{"start":{},"end":{}}]},"4":{"loc":{"start":{"line":42,"column":6},"end":{"line":42,"column":91}},"type":"binary-expr","locations":[{"start":{"line":42,"column":6},"end":{"line":42,"column":46}},{"start":{"line":42,"column":50},"end":{"line":42,"column":91}}]}},"s":{"0":1,"1":1,"2":1,"3":1,"4":1,"5":1,"6":1,"7":1,"8":1,"9":1,"10":0,"11":1,"12":1,"13":0,"14":1,"15":1,"16":1,"17":1,"18":0,"19":0,"20":1,"21":2,"22":2,"23":2,"24":2,"25":1,"26":1,"27":1,"28":1},"f":{"0":1,"1":1,"2":1,"3":0,"4":2},"b":{"0":[1,0],"1":[0,1],"2":[1,0],"3":[1,1],"4":[2,1]}}
,"C:\\Users\\acer\\Desktop\\Backend Arenaticket\\src\\services\\PasswordResetDeliveryService.ts": {"path":"C:\\Users\\acer\\Desktop\\Backend Arenaticket\\src\\services\\PasswordResetDeliveryService.ts","statementMap":{"0":{"start":{"line":1,"column":0},"end":{"line":1,"column":55}},"1":{"start":{"line":16,"column":4},"end":{"line":18,"column":5}},"2":{"start":{"line":17,"column":6},"end":{"line":17,"column":75}},"3":{"start":{"line":25,"column":4},"end":{"line":25,"column":28}},"4":{"start":{"line":26,"column":24},"end":{"line":26,"column":96}},"5":{"start":{"line":27,"column":4},"end":{"line":36,"column":6}},"6":{"start":{"line":14,"column":0},"end":{"line":14,"column":13}}},"fnMap":{"0":{"name":"(anonymous_0)","decl":{"start":{"line":15,"column":2},"end":{"line":15,"column":18}},"loc":{"start":{"line":15,"column":18},"end":{"line":19,"column":3}}},"1":{"name":"(anonymous_1)","decl":{"start":{"line":21,"column":2},"end":{"line":21,"column":27}},"loc":{"start":{"line":23,"column":28},"end":{"line":37,"column":3}}}},"branchMap":{"0":{"loc":{"start":{"line":16,"column":4},"end":{"line":18,"column":5}},"type":"if","locations":[{"start":{"line":16,"column":4},"end":{"line":18,"column":5}},{"start":{},"end":{}}]},"1":{"loc":{"start":{"line":26,"column":25},"end":{"line":26,"column":76}},"type":"binary-expr","locations":[{"start":{"line":26,"column":25},"end":{"line":26,"column":49}},{"start":{"line":26,"column":53},"end":{"line":26,"column":76}}]}},"s":{"0":1,"1":2,"2":1,"3":1,"4":1,"5":1,"6":1},"f":{"0":2,"1":1},"b":{"0":[1,1],"1":[1,0]}}
,"C:\\Users\\acer\\Desktop\\Backend Arenaticket\\src\\services\\PaymentFulfillmentService.ts": {"path":"C:\\Users\\acer\\Desktop\\Backend Arenaticket\\src\\services\\PaymentFulfillmentService.ts","statementMap":{"0":{"start":{"line":1,"column":0},"end":{"line":1,"column":54}},"1":{"start":{"line":2,"column":0},"end":{"line":2,"column":54}},"2":{"start":{"line":3,"column":0},"end":{"line":3,"column":38}},"3":{"start":{"line":5,"column":0},"end":{"line":5,"column":74}},"4":{"start":{"line":6,"column":0},"end":{"line":6,"column":55}},"5":{"start":{"line":9,"column":19},"end":{"line":9,"column":55}},"6":{"start":{"line":16,"column":4},"end":{"line":18,"column":5}},"7":{"start":{"line":17,"column":6},"end":{"line":17,"column":75}},"8":{"start":{"line":19,"column":20},"end":{"line":19,"column":61}},"9":{"start":{"line":20,"column":4},"end":{"line":20,"column":63}},"10":{"start":{"line":20,"column":18},"end":{"line":20,"column":63}},"11":{"start":{"line":21,"column":4},"end":{"line":23,"column":5}},"12":{"start":{"line":22,"column":6},"end":{"line":22,"column":73}},"13":{"start":{"line":24,"column":4},"end":{"line":26,"column":5}},"14":{"start":{"line":25,"column":6},"end":{"line":25,"column":57}},"15":{"start":{"line":27,"column":4},"end":{"line":29,"column":5}},"16":{"start":{"line":28,"column":6},"end":{"line":28,"column":71}},"17":{"start":{"line":30,"column":4},"end":{"line":33,"column":5}},"18":{"start":{"line":31,"column":6},"end":{"line":31,"column":35}},"19":{"start":{"line":32,"column":6},"end":{"line":32,"column":27}},"20":{"start":{"line":35,"column":19},"end":{"line":35,"column":68}},"21":{"start":{"line":36,"column":4},"end":{"line":36,"column":43}},"22":{"start":{"line":37,"column":4},"end":{"line":37,"column":25}},"23":{"start":{"line":39,"column":29},"end":{"line":42,"column":null}},"24":{"start":{"line":44,"column":4},"end":{"line":52,"column":5}},"25":{"start":{"line":45,"column":6},"end":{"line":48,"column":8}},"26":{"start":{"line":49,"column":6},"end":{"line":49,"column":33}},"27":{"start":{"line":51,"column":6},"end":{"line":51,"column":63}},"28":{"start":{"line":54,"column":4},"end":{"line":54,"column":40}},"29":{"start":{"line":8,"column":0},"end":{"line":8,"column":13}},"30":{"start":{"line":58,"column":21},"end":{"line":59,"column":50}},"31":{"start":{"line":59,"column":2},"end":{"line":59,"column":50}},"32":{"start":{"line":58,"column":13},"end":{"line":58,"column":21}}},"fnMap":{"0":{"name":"(anonymous_0)","decl":{"start":{"line":8,"column":0},"end":{"line":8,"column":13}},"loc":{"start":{"line":8,"column":0},"end":{"line":56,"column":1}}},"1":{"name":"(anonymous_1)","decl":{"start":{"line":11,"column":2},"end":{"line":11,"column":7}},"loc":{"start":{"line":11,"column":50},"end":{"line":55,"column":3}}},"2":{"name":"(anonymous_2)","decl":{"start":{"line":58,"column":21},"end":{"line":58,"column":22}},"loc":{"start":{"line":59,"column":2},"end":{"line":59,"column":50}}}},"branchMap":{"0":{"loc":{"start":{"line":16,"column":4},"end":{"line":18,"column":5}},"type":"if","locations":[{"start":{"line":16,"column":4},"end":{"line":18,"column":5}},{"start":{},"end":{}}]},"1":{"loc":{"start":{"line":20,"column":4},"end":{"line":20,"column":63}},"type":"if","locations":[{"start":{"line":20,"column":4},"end":{"line":20,"column":63}},{"start":{},"end":{}}]},"2":{"loc":{"start":{"line":21,"column":4},"end":{"line":23,"column":5}},"type":"if","locations":[{"start":{"line":21,"column":4},"end":{"line":23,"column":5}},{"start":{},"end":{}}]},"3":{"loc":{"start":{"line":24,"column":4},"end":{"line":26,"column":5}},"type":"if","locations":[{"start":{"line":24,"column":4},"end":{"line":26,"column":5}},{"start":{},"end":{}}]},"4":{"loc":{"start":{"line":27,"column":4},"end":{"line":29,"column":5}},"type":"if","locations":[{"start":{"line":27,"column":4},"end":{"line":29,"column":5}},{"start":{},"end":{}}]},"5":{"loc":{"start":{"line":30,"column":4},"end":{"line":33,"column":5}},"type":"if","locations":[{"start":{"line":30,"column":4},"end":{"line":33,"column":5}},{"start":{},"end":{}}]},"6":{"loc":{"start":{"line":44,"column":4},"end":{"line":52,"column":5}},"type":"if","locations":[{"start":{"line":44,"column":4},"end":{"line":52,"column":5}},{"start":{"line":50,"column":11},"end":{"line":52,"column":5}}]},"7":{"loc":{"start":{"line":51,"column":16},"end":{"line":51,"column":62}},"type":"binary-expr","locations":[{"start":{"line":51,"column":16},"end":{"line":51,"column":51}},{"start":{"line":51,"column":55},"end":{"line":51,"column":62}}]}},"s":{"0":1,"1":1,"2":1,"3":1,"4":1,"5":5,"6":5,"7":1,"8":4,"9":4,"10":1,"11":3,"12":1,"13":2,"14":1,"15":1,"16":0,"17":1,"18":1,"19":1,"20":1,"21":1,"22":1,"23":1,"24":1,"25":1,"26":1,"27":0,"28":1,"29":1,"30":1,"31":5,"32":1},"f":{"0":5,"1":5,"2":5},"b":{"0":[1,4],"1":[1,3],"2":[1,2],"3":[1,1],"4":[0,1],"5":[1,0],"6":[1,0],"7":[0,0]}}
,"C:\\Users\\acer\\Desktop\\Backend Arenaticket\\src\\utils\\bookingRef.ts": {"path":"C:\\Users\\acer\\Desktop\\Backend Arenaticket\\src\\utils\\bookingRef.ts","statementMap":{"0":{"start":{"line":1,"column":0},"end":{"line":1,"column":48}},"1":{"start":{"line":3,"column":34},"end":{"line":7,"column":1}},"2":{"start":{"line":4,"column":17},"end":{"line":4,"column":43}},"3":{"start":{"line":5,"column":17},"end":{"line":5,"column":73}},"4":{"start":{"line":6,"column":2},"end":{"line":6,"column":34}},"5":{"start":{"line":3,"column":13},"end":{"line":3,"column":34}}},"fnMap":{"0":{"name":"(anonymous_0)","decl":{"start":{"line":3,"column":34},"end":{"line":3,"column":45}},"loc":{"start":{"line":3,"column":47},"end":{"line":7,"column":1}}}},"branchMap":{},"s":{"0":2,"1":2,"2":3,"3":3,"4":3,"5":2},"f":{"0":3},"b":{}}
,"C:\\Users\\acer\\Desktop\\Backend Arenaticket\\src\\utils\\qrCode.ts": {"path":"C:\\Users\\acer\\Desktop\\Backend Arenaticket\\src\\utils\\qrCode.ts","statementMap":{"0":{"start":{"line":1,"column":0},"end":{"line":1,"column":28}},"1":{"start":{"line":9,"column":30},"end":{"line":14,"column":4}},"2":{"start":{"line":10,"column":2},"end":{"line":14,"column":4}},"3":{"start":{"line":9,"column":13},"end":{"line":9,"column":30}}},"fnMap":{"0":{"name":"(anonymous_1)","decl":{"start":{"line":9,"column":30},"end":{"line":9,"column":31}},"loc":{"start":{"line":10,"column":2},"end":{"line":14,"column":4}}}},"branchMap":{},"s":{"0":3,"1":3,"2":3,"3":3},"f":{"0":3},"b":{}}
,"C:\\Users\\acer\\Desktop\\Backend Arenaticket\\src\\utils\\response.ts": {"path":"C:\\Users\\acer\\Desktop\\Backend Arenaticket\\src\\utils\\response.ts","statementMap":{"0":{"start":{"line":3,"column":27},"end":{"line":9,"column":1}},"1":{"start":{"line":4,"column":2},"end":{"line":8,"column":5}},"2":{"start":{"line":3,"column":13},"end":{"line":3,"column":27}}},"fnMap":{"0":{"name":"(anonymous_0)","decl":{"start":{"line":3,"column":27},"end":{"line":3,"column":28}},"loc":{"start":{"line":3,"column":95},"end":{"line":9,"column":1}}}},"branchMap":{"0":{"loc":{"start":{"line":3,"column":75},"end":{"line":3,"column":91}},"type":"default-arg","locations":[{"start":{"line":3,"column":88},"end":{"line":3,"column":91}}]}},"s":{"0":3,"1":4,"2":3},"f":{"0":4},"b":{"0":[2]}}
}
