{"C:\\Users\\acer\\Desktop\\Backend Arenaticket\\src\\middlewares\\auth.ts": {"path":"C:\\Users\\acer\\Desktop\\Backend Arenaticket\\src\\middlewares\\auth.ts","statementMap":{"0":{"start":{"line":2,"column":0},"end":{"line":2,"column":31}},"1":{"start":{"line":3,"column":0},"end":{"line":3,"column":45}},"2":{"start":{"line":4,"column":0},"end":{"line":4,"column":42}},"3":{"start":{"line":10,"column":28},"end":{"line":35,"column":1}},"4":{"start":{"line":11,"column":2},"end":{"line":34,"column":3}},"5":{"start":{"line":12,"column":18},"end":{"line":12,"column":58}},"6":{"start":{"line":13,"column":4},"end":{"line":15,"column":5}},"7":{"start":{"line":14,"column":6},"end":{"line":14,"column":64}},"8":{"start":{"line":17,"column":19},"end":{"line":17,"column":41}},"9":{"start":{"line":18,"column":4},"end":{"line":18,"column":80}},"10":{"start":{"line":18,"column":17},"end":{"line":18,"column":80}},"11":{"start":{"line":19,"column":20},"end":{"line":19,"column":63}},"12":{"start":{"line":20,"column":19},"end":{"line":20,"column":47}},"13":{"start":{"line":21,"column":17},"end":{"line":21,"column":44}},"14":{"start":{"line":23,"column":4},"end":{"line":25,"column":5}},"15":{"start":{"line":24,"column":6},"end":{"line":24,"column":55}},"16":{"start":{"line":26,"column":4},"end":{"line":28,"column":5}},"17":{"start":{"line":27,"column":6},"end":{"line":27,"column":60}},"18":{"start":{"line":30,"column":4},"end":{"line":30,"column":20}},"19":{"start":{"line":31,"column":4},"end":{"line":31,"column":11}},"20":{"start":{"line":33,"column":4},"end":{"line":33,"column":56}},"21":{"start":{"line":10,"column":13},"end":{"line":10,"column":28}}},"fnMap":{"0":{"name":"(anonymous_1)","decl":{"start":{"line":10,"column":28},"end":{"line":10,"column":33}},"loc":{"start":{"line":10,"column":90},"end":{"line":35,"column":1}}}},"branchMap":{"0":{"loc":{"start":{"line":13,"column":4},"end":{"line":15,"column":5}},"type":"if","locations":[{"start":{"line":13,"column":4},"end":{"line":15,"column":5}},{"start":{},"end":{}}]},"1":{"loc":{"start":{"line":18,"column":4},"end":{"line":18,"column":80}},"type":"if","locations":[{"start":{"line":18,"column":4},"end":{"line":18,"column":80}},{"start":{},"end":{}}]},"2":{"loc":{"start":{"line":20,"column":19},"end":{"line":20,"column":47}},"type":"binary-expr","locations":[{"start":{"line":20,"column":19},"end":{"line":20,"column":33}},{"start":{"line":20,"column":37},"end":{"line":20,"column":47}}]},"3":{"loc":{"start":{"line":23,"column":4},"end":{"line":25,"column":5}},"type":"if","locations":[{"start":{"line":23,"column":4},"end":{"line":25,"column":5}},{"start":{},"end":{}}]},"4":{"loc":{"start":{"line":26,"column":4},"end":{"line":28,"column":5}},"type":"if","locations":[{"start":{"line":26,"column":4},"end":{"line":28,"column":5}},{"start":{},"end":{}}]}},"s":{"0":1,"1":1,"2":1,"3":1,"4":5,"5":5,"6":5,"7":1,"8":4,"9":4,"10":1,"11":3,"12":2,"13":2,"14":2,"15":1,"16":1,"17":0,"18":1,"19":1,"20":1,"21":1},"f":{"0":5},"b":{"0":[1,4],"1":[1,3],"2":[2,0],"3":[1,1],"4":[0,1]}}
,"C:\\Users\\acer\\Desktop\\Backend Arenaticket\\src\\middlewares\\errorHandler.ts": {"path":"C:\\Users\\acer\\Desktop\\Backend Arenaticket\\src\\middlewares\\errorHandler.ts","statementMap":{"0":{"start":{"line":2,"column":0},"end":{"line":2,"column":28}},"1":{"start":{"line":3,"column":0},"end":{"line":3,"column":32}},"2":{"start":{"line":4,"column":0},"end":{"line":4,"column":31}},"3":{"start":{"line":9,"column":4},"end":{"line":9,"column":19}},"4":{"start":{"line":10,"column":4},"end":{"line":10,"column":33}},"5":{"start":{"line":11,"column":4},"end":{"line":11,"column":52}},"6":{"start":{"line":6,"column":0},"end":{"line":6,"column":13}},"7":{"start":{"line":15,"column":28},"end":{"line":96,"column":1}},"8":{"start":{"line":16,"column":19},"end":{"line":16,"column":22}},"9":{"start":{"line":17,"column":16},"end":{"line":17,"column":39}},"10":{"start":{"line":19,"column":2},"end":{"line":26,"column":3}},"11":{"start":{"line":20,"column":4},"end":{"line":20,"column":21}},"12":{"start":{"line":21,"column":4},"end":{"line":25,"column":20}},"13":{"start":{"line":28,"column":2},"end":{"line":31,"column":3}},"14":{"start":{"line":29,"column":4},"end":{"line":29,"column":32}},"15":{"start":{"line":30,"column":4},"end":{"line":30,"column":26}},"16":{"start":{"line":33,"column":2},"end":{"line":40,"column":3}},"17":{"start":{"line":34,"column":4},"end":{"line":34,"column":21}},"18":{"start":{"line":35,"column":18},"end":{"line":35,"column":31}},"19":{"start":{"line":36,"column":22},"end":{"line":36,"column":56}},"20":{"start":{"line":37,"column":4},"end":{"line":39,"column":32}},"21":{"start":{"line":42,"column":2},"end":{"line":45,"column":3}},"22":{"start":{"line":43,"column":4},"end":{"line":43,"column":21}},"23":{"start":{"line":44,"column":4},"end":{"line":44,"column":42}},"24":{"start":{"line":48,"column":2},"end":{"line":64,"column":3}},"25":{"start":{"line":49,"column":4},"end":{"line":49,"column":21}},"26":{"start":{"line":50,"column":24},"end":{"line":50,"column":88}},"27":{"start":{"line":51,"column":4},"end":{"line":63,"column":5}},"28":{"start":{"line":52,"column":6},"end":{"line":52,"column":72}},"29":{"start":{"line":53,"column":11},"end":{"line":63,"column":5}},"30":{"start":{"line":54,"column":6},"end":{"line":54,"column":43}},"31":{"start":{"line":55,"column":11},"end":{"line":63,"column":5}},"32":{"start":{"line":56,"column":6},"end":{"line":56,"column":53}},"33":{"start":{"line":57,"column":11},"end":{"line":63,"column":5}},"34":{"start":{"line":58,"column":6},"end":{"line":58,"column":59}},"35":{"start":{"line":59,"column":11},"end":{"line":63,"column":5}},"36":{"start":{"line":60,"column":6},"end":{"line":60,"column":51}},"37":{"start":{"line":62,"column":6},"end":{"line":62,"column":35}},"38":{"start":{"line":66,"column":2},"end":{"line":70,"column":3}},"39":{"start":{"line":67,"column":4},"end":{"line":67,"column":21}},"40":{"start":{"line":68,"column":28},"end":{"line":68,"column":56}},"41":{"start":{"line":69,"column":4},"end":{"line":69,"column":65}},"42":{"start":{"line":72,"column":2},"end":{"line":75,"column":3}},"43":{"start":{"line":73,"column":4},"end":{"line":73,"column":21}},"44":{"start":{"line":74,"column":4},"end":{"line":74,"column":36}},"45":{"start":{"line":77,"column":2},"end":{"line":80,"column":3}},"46":{"start":{"line":78,"column":4},"end":{"line":78,"column":21}},"47":{"start":{"line":79,"column":4},"end":{"line":79,"column":40}},"48":{"start":{"line":82,"column":2},"end":{"line":90,"column":3}},"49":{"start":{"line":83,"column":4},"end":{"line":88,"column":7}},"50":{"start":{"line":89,"column":4},"end":{"line":89,"column":38}},"51":{"start":{"line":92,"column":2},"end":{"line":95,"column":5}},"52":{"start":{"line":15,"column":13},"end":{"line":15,"column":28}}},"fnMap":{"0":{"name":"(anonymous_1)","decl":{"start":{"line":8,"column":2},"end":{"line":8,"column":14}},"loc":{"start":{"line":8,"column":49},"end":{"line":12,"column":3}}},"1":{"name":"(anonymous_2)","decl":{"start":{"line":15,"column":28},"end":{"line":15,"column":29}},"loc":{"start":{"line":15,"column":93},"end":{"line":96,"column":1}}}},"branchMap":{"0":{"loc":{"start":{"line":19,"column":2},"end":{"line":26,"column":3}},"type":"if","locations":[{"start":{"line":19,"column":2},"end":{"line":26,"column":3}},{"start":{},"end":{}}]},"1":{"loc":{"start":{"line":21,"column":14},"end":{"line":25,"column":19}},"type":"cond-expr","locations":[{"start":{"line":22,"column":9},"end":{"line":24,"column":52}},{"start":{"line":25,"column":8},"end":{"line":25,"column":19}}]},"2":{"loc":{"start":{"line":22,"column":9},"end":{"line":24,"column":52}},"type":"cond-expr","locations":[{"start":{"line":23,"column":10},"end":{"line":23,"column":48}},{"start":{"line":24,"column":10},"end":{"line":24,"column":52}}]},"3":{"loc":{"start":{"line":28,"column":2},"end":{"line":31,"column":3}},"type":"if","locations":[{"start":{"line":28,"column":2},"end":{"line":31,"column":3}},{"start":{},"end":{}}]},"4":{"loc":{"start":{"line":33,"column":2},"end":{"line":40,"column":3}},"type":"if","locations":[{"start":{"line":33,"column":2},"end":{"line":40,"column":3}},{"start":{},"end":{}}]},"5":{"loc":{"start":{"line":37,"column":14},"end":{"line":39,"column":31}},"type":"binary-expr","locations":[{"start":{"line":37,"column":14},"end":{"line":37,"column":28}},{"start":{"line":37,"column":33},"end":{"line":39,"column":30}}]},"6":{"loc":{"start":{"line":37,"column":33},"end":{"line":39,"column":30}},"type":"cond-expr","locations":[{"start":{"line":38,"column":8},"end":{"line":38,"column":45}},{"start":{"line":39,"column":8},"end":{"line":39,"column":30}}]},"7":{"loc":{"start":{"line":42,"column":2},"end":{"line":45,"column":3}},"type":"if","locations":[{"start":{"line":42,"column":2},"end":{"line":45,"column":3}},{"start":{},"end":{}}]},"8":{"loc":{"start":{"line":42,"column":6},"end":{"line":42,"column":49}},"type":"binary-expr","locations":[{"start":{"line":42,"column":6},"end":{"line":42,"column":32}},{"start":{"line":42,"column":36},"end":{"line":42,"column":49}}]},"9":{"loc":{"start":{"line":48,"column":2},"end":{"line":64,"column":3}},"type":"if","locations":[{"start":{"line":48,"column":2},"end":{"line":64,"column":3}},{"start":{},"end":{}}]},"10":{"loc":{"start":{"line":50,"column":24},"end":{"line":50,"column":88}},"type":"binary-expr","locations":[{"start":{"line":50,"column":24},"end":{"line":50,"column":82}},{"start":{"line":50,"column":86},"end":{"line":50,"column":88}}]},"11":{"loc":{"start":{"line":51,"column":4},"end":{"line":63,"column":5}},"type":"if","locations":[{"start":{"line":51,"column":4},"end":{"line":63,"column":5}},{"start":{"line":53,"column":11},"end":{"line":63,"column":5}}]},"12":{"loc":{"start":{"line":51,"column":8},"end":{"line":51,"column":56}},"type":"binary-expr","locations":[{"start":{"line":51,"column":8},"end":{"line":51,"column":30}},{"start":{"line":51,"column":34},"end":{"line":51,"column":56}}]},"13":{"loc":{"start":{"line":53,"column":11},"end":{"line":63,"column":5}},"type":"if","locations":[{"start":{"line":53,"column":11},"end":{"line":63,"column":5}},{"start":{"line":55,"column":11},"end":{"line":63,"column":5}}]},"14":{"loc":{"start":{"line":55,"column":11},"end":{"line":63,"column":5}},"type":"if","locations":[{"start":{"line":55,"column":11},"end":{"line":63,"column":5}},{"start":{"line":57,"column":11},"end":{"line":63,"column":5}}]},"15":{"loc":{"start":{"line":57,"column":11},"end":{"line":63,"column":5}},"type":"if","locations":[{"start":{"line":57,"column":11},"end":{"line":63,"column":5}},{"start":{"line":59,"column":11},"end":{"line":63,"column":5}}]},"16":{"loc":{"start":{"line":59,"column":11},"end":{"line":63,"column":5}},"type":"if","locations":[{"start":{"line":59,"column":11},"end":{"line":63,"column":5}},{"start":{"line":61,"column":11},"end":{"line":63,"column":5}}]},"17":{"loc":{"start":{"line":59,"column":15},"end":{"line":59,"column":60}},"type":"binary-expr","locations":[{"start":{"line":59,"column":15},"end":{"line":59,"column":38}},{"start":{"line":59,"column":42},"end":{"line":59,"column":60}}]},"18":{"loc":{"start":{"line":66,"column":2},"end":{"line":70,"column":3}},"type":"if","locations":[{"start":{"line":66,"column":2},"end":{"line":70,"column":3}},{"start":{},"end":{}}]},"19":{"loc":{"start":{"line":69,"column":14},"end":{"line":69,"column":64}},"type":"binary-expr","locations":[{"start":{"line":69,"column":14},"end":{"line":69,"column":38}},{"start":{"line":69,"column":42},"end":{"line":69,"column":64}}]},"20":{"loc":{"start":{"line":72,"column":2},"end":{"line":75,"column":3}},"type":"if","locations":[{"start":{"line":72,"column":2},"end":{"line":75,"column":3}},{"start":{},"end":{}}]},"21":{"loc":{"start":{"line":77,"column":2},"end":{"line":80,"column":3}},"type":"if","locations":[{"start":{"line":77,"column":2},"end":{"line":80,"column":3}},{"start":{},"end":{}}]},"22":{"loc":{"start":{"line":82,"column":2},"end":{"line":90,"column":3}},"type":"if","locations":[{"start":{"line":82,"column":2},"end":{"line":90,"column":3}},{"start":{},"end":{}}]}},"s":{"0":1,"1":1,"2":1,"3":4,"4":4,"5":4,"6":1,"7":1,"8":0,"9":0,"10":0,"11":0,"12":0,"13":0,"14":0,"15":0,"16":0,"17":0,"18":0,"19":0,"20":0,"21":0,"22":0,"23":0,"24":0,"25":0,"26":0,"27":0,"28":0,"29":0,"30":0,"31":0,"32":0,"33":0,"34":0,"35":0,"36":0,"37":0,"38":0,"39":0,"40":0,"41":0,"42":0,"43":0,"44":0,"45":0,"46":0,"47":0,"48":0,"49":0,"50":0,"51":0,"52":1},"f":{"0":4,"1":0},"b":{"0":[0,0],"1":[0,0],"2":[0,0],"3":[0,0],"4":[0,0],"5":[0,0],"6":[0,0],"7":[0,0],"8":[0,0],"9":[0,0],"10":[0,0],"11":[0,0],"12":[0,0],"13":[0,0],"14":[0,0],"15":[0,0],"16":[0,0],"17":[0,0],"18":[0,0],"19":[0,0],"20":[0,0],"21":[0,0],"22":[0,0]}}
}
