TN:
SF:src\middlewares\auth.ts
FN:10,(anonymous_1)
FNF:1
FNH:1
FNDA:5,(anonymous_1)
DA:2,1
DA:3,1
DA:4,1
DA:10,1
DA:11,5
DA:12,5
DA:13,5
DA:14,1
DA:17,4
DA:18,4
DA:19,3
DA:20,2
DA:21,2
DA:23,2
DA:24,1
DA:26,1
DA:27,0
DA:30,1
DA:31,1
DA:33,1
LF:20
LH:19
BRDA:13,0,0,1
BRDA:13,0,1,4
BRDA:18,1,0,1
BRDA:18,1,1,3
BRDA:20,2,0,2
BRDA:20,2,1,0
BRDA:23,3,0,1
BRDA:23,3,1,1
BRDA:26,4,0,0
BRDA:26,4,1,1
BRF:10
BRH:8
end_of_record
TN:
SF:src\middlewares\errorHandler.ts
FN:8,(anonymous_1)
FN:15,(anonymous_2)
FNF:2
FNH:1
FNDA:4,(anonymous_1)
FNDA:0,(anonymous_2)
DA:2,1
DA:3,1
DA:4,1
DA:6,1
DA:9,4
DA:10,4
DA:11,4
DA:15,1
DA:16,0
DA:17,0
DA:19,0
DA:20,0
DA:21,0
DA:28,0
DA:29,0
DA:30,0
DA:33,0
DA:34,0
DA:35,0
DA:36,0
DA:37,0
DA:42,0
DA:43,0
DA:44,0
DA:48,0
DA:49,0
DA:50,0
DA:51,0
DA:52,0
DA:53,0
DA:54,0
DA:55,0
DA:56,0
DA:57,0
DA:58,0
DA:59,0
DA:60,0
DA:62,0
DA:66,0
DA:67,0
DA:68,0
DA:69,0
DA:72,0
DA:73,0
DA:74,0
DA:77,0
DA:78,0
DA:79,0
DA:82,0
DA:83,0
DA:89,0
DA:92,0
LF:52
LH:8
BRDA:19,0,0,0
BRDA:19,0,1,0
BRDA:21,1,0,0
BRDA:21,1,1,0
BRDA:22,2,0,0
BRDA:22,2,1,0
BRDA:28,3,0,0
BRDA:28,3,1,0
BRDA:33,4,0,0
BRDA:33,4,1,0
BRDA:37,5,0,0
BRDA:37,5,1,0
BRDA:37,6,0,0
BRDA:37,6,1,0
BRDA:42,7,0,0
BRDA:42,7,1,0
BRDA:42,8,0,0
BRDA:42,8,1,0
BRDA:48,9,0,0
BRDA:48,9,1,0
BRDA:50,10,0,0
BRDA:50,10,1,0
BRDA:51,11,0,0
BRDA:51,11,1,0
BRDA:51,12,0,0
BRDA:51,12,1,0
BRDA:53,13,0,0
BRDA:53,13,1,0
BRDA:55,14,0,0
BRDA:55,14,1,0
BRDA:57,15,0,0
BRDA:57,15,1,0
BRDA:59,16,0,0
BRDA:59,16,1,0
BRDA:59,17,0,0
BRDA:59,17,1,0
BRDA:66,18,0,0
BRDA:66,18,1,0
BRDA:69,19,0,0
BRDA:69,19,1,0
BRDA:72,20,0,0
BRDA:72,20,1,0
BRDA:77,21,0,0
BRDA:77,21,1,0
BRDA:82,22,0,0
BRDA:82,22,1,0
BRF:46
BRH:0
end_of_record
