TN:
SF:src\features\auth\repository\auth.repository.ts
FN:4,(anonymous_0)
FN:10,(anonymous_1)
FN:14,(anonymous_2)
FN:18,(anonymous_3)
FN:22,(anonymous_4)
FN:38,(anonymous_5)
FNF:6
FNH:0
FNDA:0,(anonymous_0)
FNDA:0,(anonymous_1)
FNDA:0,(anonymous_2)
FNDA:0,(anonymous_3)
FNDA:0,(anonymous_4)
FNDA:0,(anonymous_5)
DA:1,1
DA:3,1
DA:7,0
DA:11,0
DA:15,0
DA:19,0
DA:27,0
DA:43,0
LF:8
LH:2
BRF:0
BRH:0
end_of_record
TN:
SF:src\features\auth\services\auth.service.ts
FN:46,(anonymous_1)
FN:50,(anonymous_2)
FN:64,(anonymous_3)
FN:95,(anonymous_4)
FN:110,(anonymous_5)
FN:125,(anonymous_6)
FN:149,(anonymous_7)
FN:161,(anonymous_8)
FN:169,(anonymous_9)
FN:175,(anonymous_10)
FN:179,(anonymous_11)
FN:186,(anonymous_12)
FNF:12
FNH:8
FNDA:4,(anonymous_1)
FNDA:1,(anonymous_2)
FNDA:1,(anonymous_3)
FNDA:1,(anonymous_4)
FNDA:1,(anonymous_5)
FNDA:0,(anonymous_6)
FNDA:0,(anonymous_7)
FNDA:2,(anonymous_8)
FNDA:3,(anonymous_9)
FNDA:0,(anonymous_10)
FNDA:0,(anonymous_11)
FNDA:2,(anonymous_12)
DA:1,1
DA:2,1
DA:3,1
DA:4,1
DA:5,1
DA:7,1
DA:8,1
DA:46,1
DA:47,4
DA:48,4
DA:51,1
DA:52,1
DA:53,0
DA:55,1
DA:56,0
DA:59,1
DA:60,1
DA:61,1
DA:67,1
DA:68,0
DA:70,1
DA:71,0
DA:74,1
DA:75,1
DA:77,1
DA:78,0
DA:81,1
DA:91,1
DA:92,1
DA:96,1
DA:97,1
DA:98,0
DA:100,1
DA:101,0
DA:103,1
DA:104,1
DA:106,0
DA:107,0
DA:111,1
DA:112,1
DA:113,0
DA:115,1
DA:116,0
DA:118,1
DA:119,1
DA:121,0
DA:122,0
DA:128,0
DA:129,0
DA:130,0
DA:131,0
DA:132,0
DA:133,0
DA:134,0
DA:141,0
DA:150,0
DA:151,0
DA:156,0
DA:157,0
DA:162,2
DA:170,3
DA:171,3
DA:172,3
DA:176,0
DA:180,0
DA:181,0
DA:187,2
LF:67
LH:39
BRDA:52,0,0,0
BRDA:52,0,1,1
BRDA:55,1,0,0
BRDA:55,1,1,1
BRDA:67,2,0,0
BRDA:67,2,1,1
BRDA:70,3,0,0
BRDA:70,3,1,1
BRDA:75,4,0,1
BRDA:75,4,1,0
BRDA:77,5,0,0
BRDA:77,5,1,1
BRDA:97,6,0,0
BRDA:97,6,1,1
BRDA:97,7,0,1
BRDA:97,7,1,1
BRDA:100,8,0,0
BRDA:100,8,1,1
BRDA:103,9,0,1
BRDA:103,9,1,0
BRDA:112,10,0,0
BRDA:112,10,1,1
BRDA:112,11,0,1
BRDA:112,11,1,1
BRDA:115,12,0,0
BRDA:115,12,1,1
BRDA:118,13,0,1
BRDA:118,13,1,0
BRDA:133,14,0,0
BRDA:133,14,1,0
BRDA:156,15,0,0
BRDA:156,15,1,0
BRDA:165,16,0,2
BRDA:165,16,1,2
BRDA:171,17,0,0
BRDA:171,17,1,3
BRDA:180,18,0,0
BRDA:180,18,1,0
BRDA:181,19,0,0
BRDA:181,19,1,0
BRDA:181,20,0,0
BRDA:181,20,1,0
BRDA:181,20,2,0
BRDA:198,21,0,2
BRDA:198,21,1,0
BRDA:199,22,0,2
BRDA:199,22,1,0
BRDA:200,23,0,2
BRDA:200,23,1,0
BRF:49
BRH:22
end_of_record
TN:
SF:src\middlewares\errorHandler.ts
FN:8,(anonymous_1)
FN:15,(anonymous_2)
FNF:2
FNH:1
FNDA:2,(anonymous_1)
FNDA:0,(anonymous_2)
DA:2,1
DA:3,1
DA:4,1
DA:6,1
DA:9,2
DA:10,2
DA:11,2
DA:15,1
DA:16,0
DA:17,0
DA:19,0
DA:20,0
DA:21,0
DA:28,0
DA:29,0
DA:30,0
DA:33,0
DA:34,0
DA:35,0
DA:36,0
DA:37,0
DA:42,0
DA:43,0
DA:44,0
DA:48,0
DA:49,0
DA:50,0
DA:51,0
DA:52,0
DA:53,0
DA:54,0
DA:55,0
DA:56,0
DA:57,0
DA:58,0
DA:59,0
DA:60,0
DA:62,0
DA:66,0
DA:67,0
DA:68,0
DA:69,0
DA:72,0
DA:73,0
DA:74,0
DA:77,0
DA:78,0
DA:79,0
DA:82,0
DA:83,0
DA:89,0
DA:92,0
LF:52
LH:8
BRDA:19,0,0,0
BRDA:19,0,1,0
BRDA:21,1,0,0
BRDA:21,1,1,0
BRDA:22,2,0,0
BRDA:22,2,1,0
BRDA:28,3,0,0
BRDA:28,3,1,0
BRDA:33,4,0,0
BRDA:33,4,1,0
BRDA:37,5,0,0
BRDA:37,5,1,0
BRDA:37,6,0,0
BRDA:37,6,1,0
BRDA:42,7,0,0
BRDA:42,7,1,0
BRDA:42,8,0,0
BRDA:42,8,1,0
BRDA:48,9,0,0
BRDA:48,9,1,0
BRDA:50,10,0,0
BRDA:50,10,1,0
BRDA:51,11,0,0
BRDA:51,11,1,0
BRDA:51,12,0,0
BRDA:51,12,1,0
BRDA:53,13,0,0
BRDA:53,13,1,0
BRDA:55,14,0,0
BRDA:55,14,1,0
BRDA:57,15,0,0
BRDA:57,15,1,0
BRDA:59,16,0,0
BRDA:59,16,1,0
BRDA:59,17,0,0
BRDA:59,17,1,0
BRDA:66,18,0,0
BRDA:66,18,1,0
BRDA:69,19,0,0
BRDA:69,19,1,0
BRDA:72,20,0,0
BRDA:72,20,1,0
BRDA:77,21,0,0
BRDA:77,21,1,0
BRDA:82,22,0,0
BRDA:82,22,1,0
BRF:46
BRH:0
end_of_record
TN:
SF:src\models\User.ts
FN:79,(anonymous_10)
FN:84,(anonymous_11)
FNF:2
FNH:0
FNDA:0,(anonymous_10)
FNDA:0,(anonymous_11)
DA:1,1
DA:2,1
DA:26,1
DA:68,1
DA:79,1
DA:80,0
DA:81,0
DA:84,1
DA:85,0
DA:88,1
LF:10
LH:7
BRDA:80,0,0,0
BRDA:80,0,1,0
BRDA:89,1,0,1
BRDA:89,1,1,1
BRF:4
BRH:2
end_of_record
TN:
SF:src\services\PasswordResetDeliveryService.ts
FN:15,(anonymous_0)
FN:21,(anonymous_1)
FNF:2
FNH:0
FNDA:0,(anonymous_0)
FNDA:0,(anonymous_1)
DA:1,1
DA:14,1
DA:16,0
DA:17,0
DA:25,0
DA:26,0
DA:27,0
LF:7
LH:2
BRDA:16,0,0,0
BRDA:16,0,1,0
BRDA:26,1,0,0
BRDA:26,1,1,0
BRF:4
BRH:0
end_of_record
